<?xml version="1.0" encoding="UTF-8"?>
<testsuite xmlns:xsi="http://www.w3.org/2001/XMLSchema-instance" xsi:noNamespaceSchemaLocation="https://maven.apache.org/surefire/maven-surefire-plugin/xsd/surefire-test-report.xsd" name="pl.polsl.adam.fudala.tvprog.model.ChannelTest" time="0.126" tests="5" errors="0" skipped="0" failures="0">
  <properties>
[...]
</properties>
  <testcase name="testEditProgramIncorrctName{String, String, String, int, int}[1]" classname="pl.polsl.adam.fudala.tvprog.model.ChannelTest" time="0.05"/>
  <testcase name="testEditProgramIncorrctName{String, String, String, int, int}[2]" classname="pl.polsl.adam.fudala.tvprog.model.ChannelTest" time="0.001"/>
  <testcase name="testEditProgramIncorrctName{String, String, String, int, int}[3]" classname="pl.polsl.adam.fudala.tvprog.model.ChannelTest" time="0.001"/>
  <testcase name="testEditProgramIncorrctName{String, String, String, int, int}[4]" classname="pl.polsl.adam.fudala.tvprog.model.ChannelTest" time="0"/>
  <testcase name="testEditProgramIncorrctName{String, String, String, int, int}[5]" classname="pl.polsl.adam.fudala.tvprog.model.ChannelTest" time="0.001"/>
</testsuite>